<?xml version="1.0" encoding="UTF-8"?>
<testng-results ignored="0" total="1" passed="1" failed="0" skipped="0">
  <reporter-output>
  </reporter-output>
  <suite started-at="2026-05-09T22:40:01 IST" name="Default suite" finished-at="2026-05-09T22:40:07 IST" duration-ms="6398">
    <groups>
    </groups>
    <test started-at="2026-05-09T22:40:01 IST" name="Default test" finished-at="2026-05-09T22:40:07 IST" duration-ms="6398">
      <class name="com.orange.crm.test.Verify_login">
        <test-method is-config="true" signature="setup()[pri:0, instance:com.orange.crm.test.Verify_login@14028087]" started-at="2026-05-09T22:40:01 IST" name="setup" finished-at="2026-05-09T22:40:06 IST" duration-ms="5401" status="PASS">
          <reporter-output>
          </reporter-output>
        </test-method> <!-- setup -->
        <test-method signature="verifyLogin()[pri:0, instance:com.orange.crm.test.Verify_login@14028087]" started-at="2026-05-09T22:40:06 IST" name="verifyLogin" finished-at="2026-05-09T22:40:07 IST" duration-ms="650" status="PASS">
          <reporter-output>
          </reporter-output>
        </test-method> <!-- verifyLogin -->
        <test-method is-config="true" signature="tearDown()[pri:0, instance:com.orange.crm.test.Verify_login@14028087]" started-at="2026-05-09T22:40:07 IST" name="tearDown" finished-at="2026-05-09T22:40:07 IST" duration-ms="284" status="PASS">
          <reporter-output>
          </reporter-output>
        </test-method> <!-- tearDown -->
      </class> <!-- com.orange.crm.test.Verify_login -->
    </test> <!-- Default test -->
  </suite> <!-- Default suite -->
</testng-results>
