<?xml version="1.0" encoding="UTF-8"?>
<testng-results ignored="0" total="3" passed="3" failed="0" skipped="0">
  <reporter-output>
  </reporter-output>
  <suite started-at="2026-08-20T19:21:01 IST" name="OrangeCRM" finished-at="2026-08-20T19:21:18 IST" duration-ms="16484">
    <groups>
    </groups>
    <test started-at="2026-08-20T19:21:01 IST" name="Login Tests" finished-at="2026-08-20T19:21:18 IST" duration-ms="16484">
      <class name="com.orange.crm.test.LoginTest">
        <test-method is-config="true" signature="browserStart()[pri:0, instance:com.orange.crm.test.LoginTest@878452d]" started-at="2026-08-20T19:21:03 IST" name="browserStart" finished-at="2026-08-20T19:21:09 IST" duration-ms="6608" status="PASS">
          <reporter-output>
          </reporter-output>
        </test-method> <!-- browserStart -->
        <test-method is-config="true" signature="browserStart()[pri:0, instance:com.orange.crm.test.LoginTest@878452d]" started-at="2026-08-20T19:21:03 IST" name="browserStart" finished-at="2026-08-20T19:21:15 IST" duration-ms="12081" status="PASS">
          <reporter-output>
          </reporter-output>
        </test-method> <!-- browserStart -->
        <test-method is-config="true" signature="browserStart()[pri:0, instance:com.orange.crm.test.LoginTest@878452d]" started-at="2026-08-20T19:21:03 IST" name="browserStart" finished-at="2026-08-20T19:21:15 IST" duration-ms="12510" status="PASS">
          <reporter-output>
          </reporter-output>
        </test-method> <!-- browserStart -->
        <test-method signature="validLoginTest(java.lang.String,java.lang.String)[pri:0, instance:com.orange.crm.test.LoginTest@878452d]" started-at="2026-08-20T19:21:09 IST" name="validLoginTest" data-provider="loginData" finished-at="2026-08-20T19:21:15 IST" duration-ms="5413" status="PASS">
          <params>
            <param index="0">
              <value>
                <![CDATA[user1]]>
              </value>
            </param>
            <param index="1">
              <value>
                <![CDATA[pass123]]>
              </value>
            </param>
          </params>
          <reporter-output>
          </reporter-output>
        </test-method> <!-- validLoginTest -->
        <test-method is-config="true" signature="browserStop()[pri:0, instance:com.orange.crm.test.LoginTest@878452d]" started-at="2026-08-20T19:21:15 IST" name="browserStop" finished-at="2026-08-20T19:21:15 IST" duration-ms="577" status="PASS">
          <reporter-output>
          </reporter-output>
        </test-method> <!-- browserStop -->
        <test-method signature="validLoginTest(java.lang.String,java.lang.String)[pri:0, instance:com.orange.crm.test.LoginTest@878452d]" started-at="2026-08-20T19:21:15 IST" name="validLoginTest" data-provider="loginData" finished-at="2026-08-20T19:21:16 IST" duration-ms="1466" status="PASS">
          <params>
            <param index="0">
              <value>
                <![CDATA[password]]>
              </value>
            </param>
            <param index="1">
              <value>
                <![CDATA[admin123]]>
              </value>
            </param>
          </params>
          <reporter-output>
          </reporter-output>
        </test-method> <!-- validLoginTest -->
        <test-method signature="validLoginTest(java.lang.String,java.lang.String)[pri:0, instance:com.orange.crm.test.LoginTest@878452d]" started-at="2026-08-20T19:21:15 IST" name="validLoginTest" data-provider="loginData" finished-at="2026-08-20T19:21:17 IST" duration-ms="2296" status="PASS">
          <params>
            <param index="0">
              <value>
                <![CDATA[Admin]]>
              </value>
            </param>
            <param index="1">
              <value>
                <![CDATA[admin123]]>
              </value>
            </param>
          </params>
          <reporter-output>
          </reporter-output>
        </test-method> <!-- validLoginTest -->
        <test-method is-config="true" signature="browserStop()[pri:0, instance:com.orange.crm.test.LoginTest@878452d]" started-at="2026-08-20T19:21:16 IST" name="browserStop" finished-at="2026-08-20T19:21:17 IST" duration-ms="387" status="PASS">
          <reporter-output>
          </reporter-output>
        </test-method> <!-- browserStop -->
        <test-method is-config="true" signature="browserStop()[pri:0, instance:com.orange.crm.test.LoginTest@878452d]" started-at="2026-08-20T19:21:17 IST" name="browserStop" finished-at="2026-08-20T19:21:18 IST" duration-ms="416" status="PASS">
          <reporter-output>
          </reporter-output>
        </test-method> <!-- browserStop -->
      </class> <!-- com.orange.crm.test.LoginTest -->
    </test> <!-- Login Tests -->
  </suite> <!-- OrangeCRM -->
</testng-results>
