<?xml version="1.0" encoding="UTF-8"?>
<!-- Generated by org.testng.reporters.JUnitXMLReporter -->
<testsuite ignored="0" hostname="Litty" failures="0" tests="3" name="Default test" time="77.373" errors="0" timestamp="2026-08-19T15:19:36 IST">
  <testcase classname="com.orange.crm.test.LoginTest" name="validLoginTest" time="2.925"/>
  <testcase classname="com.orange.crm.test.LoginTest" name="validLoginTest" time="4.2"/>
  <testcase classname="com.orange.crm.test.LoginTest" name="validLoginTest" time="7.803"/>
</testsuite> <!-- Default test -->
